<?xml version="1.0" encoding="UTF-8"?>
<!-- Generated by org.testng.reporters.JUnitReportReporter -->
<testsuite hostname="MMT-LPT-5980" name="com.mmt.holiday.mock.service.test.TestMock" tests="1" failures="0" timestamp="3 Mar 2017 11:14:36 GMT" time="57.308" errors="0">
  <testcase name="initiateMockingServer" time="57.308" classname="com.mmt.holiday.mock.service.test.TestMock"/>
</testsuite> <!-- com.mmt.holiday.mock.service.test.TestMock -->
