<?xml version="1.0" encoding="UTF-8"?>
<!-- Generated by org.testng.reporters.JUnitReportReporter -->
<testsuite hostname="MMT-LPT-5980" name="com.pract.TestPract" tests="1" failures="0" timestamp="6 Mar 2017 14:19:10 GMT" time="6.065" errors="0">
  <testcase name="testChar" time="6.065" classname="com.pract.TestPract"/>
</testsuite> <!-- com.pract.TestPract -->
