<?xml version="1.0" encoding="UTF-8"?>
<!-- Generated by org.testng.reporters.JUnitReportReporter -->
<testsuite hostname="MMT-LPT-5980" name="com.mmt.holiday.assist.services.impl.DBService" tests="1" failures="0" timestamp="14 Feb 2017 17:40:25 GMT" time="0.019" errors="0">
  <testcase name="updateCount" time="0.019" classname="com.mmt.holiday.assist.services.impl.DBService"/>
</testsuite> <!-- com.mmt.holiday.assist.services.impl.DBService -->
