<?xml version="1.0" encoding="UTF-8"?>
<!-- Generated by org.testng.reporters.JUnitReportReporter -->
<testsuite hostname="MMT-LPT-5980" name="com.mmt.holiday.assist.services.impl.Tentakel" tests="1" failures="0" timestamp="10 Feb 2017 06:48:43 GMT" time="2.151" errors="0">
  <testcase name="testTentakel" time="2.151" classname="com.mmt.holiday.assist.services.impl.Tentakel"/>
</testsuite> <!-- com.mmt.holiday.assist.services.impl.Tentakel -->
