<?xml version="1.0" encoding="UTF-8"?>
<!-- Generated by org.testng.reporters.JUnitReportReporter -->
<testsuite hostname="MMT-LPT-5980" name="com.mmt.holiday.assist.services.impl.MockFlightService" tests="1" failures="0" timestamp="19 Jan 2017 07:50:52 GMT" time="0.013" errors="0">
  <testcase name="getFlightReviewResponse" time="0.013" classname="com.mmt.holiday.assist.services.impl.MockFlightService"/>
</testsuite> <!-- com.mmt.holiday.assist.services.impl.MockFlightService -->
