<?xml version="1.0" encoding="UTF-8"?>
<!-- Generated by org.testng.reporters.JUnitReportReporter -->
<testsuite hostname="MMT-LPT-5980" name="com.mmt.holiday.assist.services.impl.ProcessTentakelData" tests="1" failures="0" timestamp="12 Jan 2017 14:14:18 GMT" time="26.891" errors="0">
  <testcase name="testProcessData" time="26.891" classname="com.mmt.holiday.assist.services.impl.ProcessTentakelData"/>
</testsuite> <!-- com.mmt.holiday.assist.services.impl.ProcessTentakelData -->
