<?xml version="1.0" encoding="UTF-8"?>
<!-- Generated by org.testng.reporters.JUnitReportReporter -->
<testsuite hostname="MMT-LPT-5980" name="com.mmt.holiday.assist.services.impl.BookingDashboard" tests="1" failures="0" timestamp="27 Feb 2017 11:35:49 GMT" time="1.743" errors="0">
  <testcase name="getBookingDataForDashboard" time="1.743" classname="com.mmt.holiday.assist.services.impl.BookingDashboard"/>
</testsuite> <!-- com.mmt.holiday.assist.services.impl.BookingDashboard -->
